{"numFailedTestSuites":1,"numFailedTests":1,"numPassedTestSuites":2,"numPassedTests":7,"numPendingTestSuites":0,"numPendingTests":0,"numRuntimeErrorTestSuites":0,"numTodoTests":0,"numTotalTestSuites":3,"numTotalTests":8,"openHandles":[],"snapshot":{"added":0,"didUpdate":false,"failure":false,"filesAdded":0,"filesRemoved":0,"filesRemovedList":[],"filesUnmatched":0,"filesUpdated":0,"matched":0,"total":0,"unchecked":0,"uncheckedKeysByFile":[],"unmatched":0,"updated":0},"startTime":1747822991185,"success":false,"testResults":[{"assertionResults":[{"ancestorTitles":["getIpInfo"],"failureMessages":[],"fullName":"getIpInfo should return IP data when called with a valid IP address","location":null,"status":"passed","title":"should return IP data when called with a valid IP address"},{"ancestorTitles":["getIpInfo"],"failureMessages":[],"fullName":"getIpInfo should return current user IP data when called without an IP address","location":null,"status":"passed","title":"should return current user IP data when called without an IP address"},{"ancestorTitles":["getIpInfo"],"failureMessages":[],"fullName":"getIpInfo should throw an error when the API call fails","location":null,"status":"passed","title":"should throw an error when the API call fails"},{"ancestorTitles":["getIpInfo"],"failureMessages":[],"fullName":"getIpInfo should handle API returning a \"fail\" status","location":null,"status":"passed","title":"should handle API returning a \"fail\" status"}],"endTime":1747822993893,"message":"","name":"/app/src/services/ipService.test.js","startTime":1747822992749,"status":"passed","summary":""},{"assertionResults":[{"ancestorTitles":["IpDetailsDisplay"],"failureMessages":[],"fullName":"IpDetailsDisplay should render correctly with valid locationData","location":null,"status":"passed","title":"should render correctly with valid locationData"},{"ancestorTitles":["IpDetailsDisplay"],"failureMessages":[],"fullName":"IpDetailsDisplay should render placeholders when locationData fields are missing","location":null,"status":"passed","title":"should render placeholders when locationData fields are missing"},{"ancestorTitles":["IpDetailsDisplay"],"failureMessages":[],"fullName":"IpDetailsDisplay should render null when locationData is null","location":null,"status":"passed","title":"should render null when locationData is null"}],"endTime":1747822994318,"message":"","name":"/app/src/components/IpDetailsDisplay.test.js","startTime":1747822992837,"status":"passed","summary":""},{"assertionResults":[{"ancestorTitles":[],"failureMessages":["TestingLibraryElementError: Unable to find an element with the text: /learn react/i. This could be because the text is broken up by multiple elements. In this case, you can provide a function for your text matcher to make your matcher more flexible.\n\nIgnored nodes: comments, <script />, <style />\n\u001b[36m<body>\u001b[39m\n  \u001b[36m<div>\u001b[39m\n    \u001b[36m<div>\u001b[39m\n      \u001b[36m<div\u001b[39m\n        \u001b[33mclass\u001b[39m=\u001b[32m\"upper-page\"\u001b[39m\n      \u001b[36m>\u001b[39m\n        \u001b[36m<img\u001b[39m\n          \u001b[33malt\u001b[39m=\u001b[32m\"banner\"\u001b[39m\n          \u001b[33msrc\u001b[39m=\u001b[32m\"pattern-bg.png\"\u001b[39m\n        \u001b[36m/>\u001b[39m\n      \u001b[36m</div>\u001b[39m\n      \u001b[36m<div\u001b[39m\n        \u001b[33mclass\u001b[39m=\u001b[32m\"input-ip\"\u001b[39m\n      \u001b[36m>\u001b[39m\n        \u001b[0m \u001b[0m\n        \u001b[36m<h1>\u001b[39m\n          \u001b[0mIP Address Tracker\u001b[0m\n        \u001b[36m</h1>\u001b[39m\n        \u001b[36m<form>\u001b[39m\n          \u001b[36m<input\u001b[39m\n            \u001b[33mplaceholder\u001b[39m=\u001b[32m\"IP Address\"\u001b[39m\n            \u001b[33mtype\u001b[39m=\u001b[32m\"text\"\u001b[39m\n            \u001b[33mvalue\u001b[39m=\u001b[32m\"\"\u001b[39m\n          \u001b[36m/>\u001b[39m\n          \u001b[36m<button\u001b[39m\n            \u001b[33mtype\u001b[39m=\u001b[32m\"submit\"\u001b[39m\n          \u001b[36m>\u001b[39m\n            \u001b[36m<img\u001b[39m\n              \u001b[33malt\u001b[39m=\u001b[32m\"icon\"\u001b[39m\n              \u001b[33msrc\u001b[39m=\u001b[32m\"icon-arrow.svg\"\u001b[39m\n            \u001b[36m/>\u001b[39m\n          \u001b[36m</button>\u001b[39m\n        \u001b[36m</form>\u001b[39m\n      \u001b[36m</div>\u001b[39m\n    \u001b[36m</div>\u001b[39m\n  \u001b[36m</div>\u001b[39m\n\u001b[36m</body>\u001b[39m\n    at Object.getElementError (/app/node_modules/@testing-library/dom/dist/config.js:40:19)\n    at allQuery (/app/node_modules/@testing-library/dom/dist/query-helpers.js:90:38)\n    at query (/app/node_modules/@testing-library/dom/dist/query-helpers.js:62:17)\n    at getByText (/app/node_modules/@testing-library/dom/dist/query-helpers.js:111:19)\n    at Object.<anonymous> (/app/src/App.test.js:6:30)\n    at Promise.then.completed (/app/node_modules/jest-circus/build/utils.js:391:28)\n    at new Promise (<anonymous>)\n    at callAsyncCircusFn (/app/node_modules/jest-circus/build/utils.js:316:10)\n    at _callCircusTest (/app/node_modules/jest-circus/build/run.js:218:40)\n    at processTicksAndRejections (node:internal/process/task_queues:95:5)\n    at _runTest (/app/node_modules/jest-circus/build/run.js:155:3)\n    at _runTestsForDescribeBlock (/app/node_modules/jest-circus/build/run.js:66:9)\n    at run (/app/node_modules/jest-circus/build/run.js:25:3)\n    at runAndTransformResultsToJestFormat (/app/node_modules/jest-circus/build/legacy-code-todo-rewrite/jestAdapterInit.js:170:21)\n    at jestAdapter (/app/node_modules/jest-circus/build/legacy-code-todo-rewrite/jestAdapter.js:81:19)\n    at runTestInternal (/app/node_modules/jest-runner/build/runTest.js:389:16)\n    at runTest (/app/node_modules/jest-runner/build/runTest.js:475:34)\n    at Object.worker (/app/node_modules/jest-runner/build/testWorker.js:133:12)"],"fullName":"renders learn react link","location":null,"status":"failed","title":"renders learn react link"}],"endTime":1747822994956,"message":"  ● renders learn react link\n\n    TestingLibraryElementError: Unable to find an element with the text: /learn react/i. This could be because the text is broken up by multiple elements. In this case, you can provide a function for your text matcher to make your matcher more flexible.\n\n    Ignored nodes: comments, <script />, <style />\n    \u001b[36m<body>\u001b[39m\n      \u001b[36m<div>\u001b[39m\n        \u001b[36m<div>\u001b[39m\n          \u001b[36m<div\u001b[39m\n            \u001b[33mclass\u001b[39m=\u001b[32m\"upper-page\"\u001b[39m\n          \u001b[36m>\u001b[39m\n            \u001b[36m<img\u001b[39m\n              \u001b[33malt\u001b[39m=\u001b[32m\"banner\"\u001b[39m\n              \u001b[33msrc\u001b[39m=\u001b[32m\"pattern-bg.png\"\u001b[39m\n            \u001b[36m/>\u001b[39m\n          \u001b[36m</div>\u001b[39m\n          \u001b[36m<div\u001b[39m\n            \u001b[33mclass\u001b[39m=\u001b[32m\"input-ip\"\u001b[39m\n          \u001b[36m>\u001b[39m\n            \u001b[0m \u001b[0m\n            \u001b[36m<h1>\u001b[39m\n              \u001b[0mIP Address Tracker\u001b[0m\n            \u001b[36m</h1>\u001b[39m\n            \u001b[36m<form>\u001b[39m\n              \u001b[36m<input\u001b[39m\n                \u001b[33mplaceholder\u001b[39m=\u001b[32m\"IP Address\"\u001b[39m\n                \u001b[33mtype\u001b[39m=\u001b[32m\"text\"\u001b[39m\n                \u001b[33mvalue\u001b[39m=\u001b[32m\"\"\u001b[39m\n              \u001b[36m/>\u001b[39m\n              \u001b[36m<button\u001b[39m\n                \u001b[33mtype\u001b[39m=\u001b[32m\"submit\"\u001b[39m\n              \u001b[36m>\u001b[39m\n                \u001b[36m<img\u001b[39m\n                  \u001b[33malt\u001b[39m=\u001b[32m\"icon\"\u001b[39m\n                  \u001b[33msrc\u001b[39m=\u001b[32m\"icon-arrow.svg\"\u001b[39m\n                \u001b[36m/>\u001b[39m\n              \u001b[36m</button>\u001b[39m\n            \u001b[36m</form>\u001b[39m\n          \u001b[36m</div>\u001b[39m\n        \u001b[36m</div>\u001b[39m\n      \u001b[36m</div>\u001b[39m\n    \u001b[36m</body>\u001b[39m\n\n      4 | test('renders learn react link', () => {\n      5 |   render(<App />);\n    > 6 |   const linkElement = screen.getByText(/learn react/i);\n        |                              ^\n      7 |   expect(linkElement).toBeInTheDocument();\n      8 | });\n      9 |\n\n      at Object.getElementError (node_modules/@testing-library/dom/dist/config.js:40:19)\n      at allQuery (node_modules/@testing-library/dom/dist/query-helpers.js:90:38)\n      at query (node_modules/@testing-library/dom/dist/query-helpers.js:62:17)\n      at getByText (node_modules/@testing-library/dom/dist/query-helpers.js:111:19)\n      at Object.<anonymous> (src/App.test.js:6:30)\n","name":"/app/src/App.test.js","startTime":1747822992723,"status":"failed","summary":""}],"wasInterrupted":false}